C51 COMPILER V9.60.0.0   MAIN                                                              01/29/2023 23:04:20 PAGE 1   


C51 COMPILER V9.60.0.0, COMPILATION OF MODULE MAIN
OBJECT MODULE PLACED IN .\Objects\main.obj
COMPILER INVOKED BY: C:\Keil_v5\C51\BIN\C51.EXE main.c OPTIMIZE(8,SPEED) BROWSE DEBUG OBJECTEXTEND PRINT(.\Listings\main
                    -.lst) TABS(2) OBJECT(.\Objects\main.obj)

line level    source

   1          #include <REGX51.H>
   2          
   3          int counter = 0;
   4          
   5          void delay(int time) {
   6   1        while(time--);
   7   1      }
   8          
   9          void sensor_in(void) interrupt 0
  10          {
  11   1        counter++;
  12   1        P1_0 = 0;
  13   1        delay(30000);
  14   1        P1_0 = 1;
  15   1      } 
  16          
  17          void sensor_out(void) interrupt 2
  18          {
  19   1        counter--;
  20   1        P1_1 = 0;
  21   1        delay(30000);
  22   1        P1_1 = 1;
  23   1      }
  24          void main()
  25          { 
  26   1        EX0 = 1;    //IE
  27   1        EX1 = 1;    //IE
  28   1        IT0 = 1;    //TCON
  29   1        IT1 = 1;    
  30   1        EA = 1;
  31   1        while(1)
  32   1        {
  33   2          if(counter == 0)
  34   2          {
  35   3            P2 = 0x00;
  36   3          }
  37   2          if(counter > 0)
  38   2          {
  39   3            P2 = 0xFF;
  40   3          }
  41   2        }
  42   1        
  43   1      }


MODULE INFORMATION:   STATIC OVERLAYABLE
   CODE SIZE        =    133    ----
   CONSTANT SIZE    =   ----    ----
   XDATA SIZE       =   ----    ----
   PDATA SIZE       =   ----    ----
   DATA SIZE        =      2    ----
   IDATA SIZE       =   ----    ----
   BIT SIZE         =   ----    ----
END OF MODULE INFORMATION.

C51 COMPILER V9.60.0.0   MAIN                                                              01/29/2023 23:04:20 PAGE 2   


C51 COMPILATION COMPLETE.  0 WARNING(S),  0 ERROR(S)
